<?xml version="1.0" encoding="UTF-8"?>
<!-- Generated by org.testng.reporters.JUnitReportReporter -->
<testsuite skipped="4" hostname="kirans-MacBook-Pro.local" name="TestSc.SettingsPage" tests="4" failures="0" timestamp="3 Oct 2017 07:26:27 GMT" time="0.001" errors="0">
  <testcase name="checkBlockedUsers" time="0.000" classname="TestSc.SettingsPage">
    <skipped/>
  </testcase> <!-- checkBlockedUsers -->
  <testcase name="verifyLogoutAction" time="0.000" classname="TestSc.SettingsPage">
    <skipped/>
  </testcase> <!-- verifyLogoutAction -->
  <testcase name="CheckAboutText" time="0.000" classname="TestSc.SettingsPage">
    <skipped/>
  </testcase> <!-- CheckAboutText -->
  <testcase name="checkprofilePage" time="0.001" classname="TestSc.SettingsPage">
    <skipped/>
  </testcase> <!-- checkprofilePage -->
</testsuite> <!-- TestSc.SettingsPage -->
