<?xml version="1.0" encoding="UTF-8"?>
<!-- Generated by org.testng.reporters.JUnitReportReporter -->
<testsuite skipped="0" hostname="Anshuls-MacBook-Pro.local" name="com.soYou.test.AndroidRegressiontest.Regressiontest" tests="12" failures="0" timestamp="23 Mar 2018 11:38:16 GMT" time="830.935" errors="0">
  <testcase name="welcomeScreens" time="1.804" classname="com.soYou.test.AndroidRegressiontest.Regressiontest"/>
  <testcase name="MobileNumberScreenTest" time="18.012" classname="com.soYou.test.AndroidRegressiontest.Regressiontest"/>
  <testcase name="OTPScreenTest" time="41.405" classname="com.soYou.test.AndroidRegressiontest.Regressiontest"/>
  <testcase name="IntermidiateScreenTest" time="56.268" classname="com.soYou.test.AndroidRegressiontest.Regressiontest"/>
  <testcase name="Canvas" time="47.103" classname="com.soYou.test.AndroidRegressiontest.Regressiontest"/>
  <testcase name="BlockUserTest" time="26.990" classname="com.soYou.test.AndroidRegressiontest.Regressiontest"/>
  <testcase name="ComposeAndCommentonSentPost" time="280.075" classname="com.soYou.test.AndroidRegressiontest.Regressiontest"/>
  <testcase name="LoginExistingUserContact" time="37.479" classname="com.soYou.test.AndroidRegressiontest.Regressiontest"/>
  <testcase name="ResharePost" time="58.944" classname="com.soYou.test.AndroidRegressiontest.Regressiontest"/>
  <testcase name="CurrentUserLogin" time="31.660" classname="com.soYou.test.AndroidRegressiontest.Regressiontest"/>
  <testcase name="CreateChannel" time="217.844" classname="com.soYou.test.AndroidRegressiontest.Regressiontest"/>
  <testcase name="DeletePost" time="13.351" classname="com.soYou.test.AndroidRegressiontest.Regressiontest"/>
</testsuite> <!-- com.soYou.test.AndroidRegressiontest.Regressiontest -->
