<?xml version="1.0" encoding="UTF-8"?>
<!-- Generated by org.testng.reporters.JUnitReportReporter -->
<testsuite skipped="2" hostname="Anshuls-MacBook-Pro.local" name="TestSc.notificationPage" tests="2" failures="0" timestamp="19 Dec 2017 06:11:31 GMT" time="0.000" errors="0">
  <testcase name="verifyPostNavigationFromNotificationTab" time="0.000" classname="TestSc.notificationPage">
    <skipped/>
  </testcase> <!-- verifyPostNavigationFromNotificationTab -->
  <testcase name="swipeBetweenTabs" time="0.000" classname="TestSc.notificationPage">
    <skipped/>
  </testcase> <!-- swipeBetweenTabs -->
</testsuite> <!-- TestSc.notificationPage -->
