<?xml version="1.0" encoding="UTF-8"?>
<!-- Generated by org.testng.reporters.JUnitReportReporter -->
<testsuite skipped="4" hostname="kirans-MacBook-Pro.local" name="TestSc.recentlist_tab" tests="4" failures="0" timestamp="3 Oct 2017 07:26:27 GMT" time="0.012" errors="0">
  <testcase name="verifyrecentitemlist" time="0.001" classname="TestSc.recentlist_tab">
    <skipped/>
  </testcase> <!-- verifyrecentitemlist -->
  <testcase name="createChannel" time="0.008" classname="TestSc.recentlist_tab">
    <skipped/>
  </testcase> <!-- createChannel -->
  <testcase name="verifyadminbadgeisDisplayed" time="0.002" classname="TestSc.recentlist_tab">
    <skipped/>
  </testcase> <!-- verifyadminbadgeisDisplayed -->
  <testcase name="navigatetochannelinfopage" time="0.001" classname="TestSc.recentlist_tab">
    <skipped/>
  </testcase> <!-- navigatetochannelinfopage -->
</testsuite> <!-- TestSc.recentlist_tab -->
