<?xml version="1.0" encoding="UTF-8"?>
<!-- Generated by org.testng.reporters.JUnitReportReporter -->
<testsuite skipped="0" hostname="Anshuls-MacBook-Pro.local" name="TestSc.IntermediateProfilePage" tests="4" failures="0" timestamp="17 Jan 2018 19:14:33 GMT" time="36.207" errors="0">
  <testcase name="setProfilePicture" time="8.833" classname="TestSc.IntermediateProfilePage"/>
  <testcase name="Enterusername" time="5.508" classname="TestSc.IntermediateProfilePage"/>
  <testcase name="IsLetMeInButtonClickable" time="6.195" classname="TestSc.IntermediateProfilePage"/>
  <testcase name="CanvasPopUpMessage" time="15.671" classname="TestSc.IntermediateProfilePage"/>
</testsuite> <!-- TestSc.IntermediateProfilePage -->
