<?xml version="1.0" encoding="UTF-8"?>
<!-- Generated by org.testng.reporters.JUnitReportReporter -->
<testsuite skipped="5" hostname="kirans-MacBook-Pro.local" name="TestSc.composePage" tests="5" failures="0" timestamp="3 Oct 2017 11:09:45 GMT" time="0.008" errors="0">
  <testcase name="composeWeblinkasGift" time="0.003" classname="TestSc.composePage">
    <skipped/>
  </testcase> <!-- composeWeblinkasGift -->
  <testcase name="composeVideoGiftFromGallery" time="0.001" classname="TestSc.composePage">
    <skipped/>
  </testcase> <!-- composeVideoGiftFromGallery -->
  <testcase name="composeImageGiftFromGallery" time="0.000" classname="TestSc.composePage">
    <skipped/>
  </testcase> <!-- composeImageGiftFromGallery -->
  <testcase name="composeGiftFromCamera" time="0.003" classname="TestSc.composePage">
    <skipped/>
  </testcase> <!-- composeGiftFromCamera -->
  <testcase name="composetextasGift" time="0.001" classname="TestSc.composePage">
    <skipped/>
  </testcase> <!-- composetextasGift -->
</testsuite> <!-- TestSc.composePage -->
