<?xml version="1.0" encoding="UTF-8"?>
<!-- Generated by org.testng.reporters.JUnitReportReporter -->
<testsuite skipped="2" hostname="kirans-MacBook-Pro.local" name="TestSc.notificationPage" tests="2" failures="0" timestamp="3 Oct 2017 07:26:27 GMT" time="0.001" errors="0">
  <testcase name="swipeBetweenTabs" time="0.001" classname="TestSc.notificationPage">
    <skipped/>
  </testcase> <!-- swipeBetweenTabs -->
  <testcase name="verifyPostNavigationFromNotificationTab" time="0.000" classname="TestSc.notificationPage">
    <skipped/>
  </testcase> <!-- verifyPostNavigationFromNotificationTab -->
</testsuite> <!-- TestSc.notificationPage -->
