<?xml version="1.0" encoding="UTF-8"?>
<!-- Generated by org.testng.reporters.JUnitReportReporter -->
<testsuite skipped="13" hostname="kirans-MacBook-Pro.local" name="TestSc.CanvasPage" tests="13" failures="0" timestamp="3 Oct 2017 11:09:45 GMT" time="0.035" errors="0">
  <testcase name="MakePostasPublicandpublick" time="0.001" classname="TestSc.CanvasPage">
    <skipped/>
  </testcase> <!-- MakePostasPublicandpublick -->
  <testcase name="VerifyallCommentsofAPost" time="0.004" classname="TestSc.CanvasPage">
    <skipped/>
  </testcase> <!-- VerifyallCommentsofAPost -->
  <testcase name="ReshareAPost" time="0.001" classname="TestSc.CanvasPage">
    <skipped/>
  </testcase> <!-- ReshareAPost -->
  <testcase name="EnterMobileNumber" time="0.000" classname="TestSc.CanvasPage">
    <skipped/>
  </testcase> <!-- EnterMobileNumber -->
  <testcase name="SelectCountryFromList" time="0.001" classname="TestSc.CanvasPage">
    <skipped/>
  </testcase> <!-- SelectCountryFromList -->
  <testcase name="SwipeBetweenCanvas" time="0.002" classname="TestSc.CanvasPage">
    <skipped/>
  </testcase> <!-- SwipeBetweenCanvas -->
  <testcase name="Navigatetosendercanvas" time="0.021" classname="TestSc.CanvasPage">
    <skipped/>
  </testcase> <!-- Navigatetosendercanvas -->
  <testcase name="AddCommentForAPost" time="0.001" classname="TestSc.CanvasPage">
    <skipped/>
  </testcase> <!-- AddCommentForAPost -->
  <testcase name="logoutoftheApp" time="0.001" classname="TestSc.CanvasPage">
    <skipped/>
  </testcase> <!-- logoutoftheApp -->
  <testcase name="EnterOTPScreen" time="0.001" classname="TestSc.CanvasPage">
    <skipped/>
  </testcase> <!-- EnterOTPScreen -->
  <testcase name="NavigatetoPostDetailView" time="0.000" classname="TestSc.CanvasPage">
    <skipped/>
  </testcase> <!-- NavigatetoPostDetailView -->
  <testcase name="AddReplyCommentForAPost" time="0.001" classname="TestSc.CanvasPage">
    <skipped/>
  </testcase> <!-- AddReplyCommentForAPost -->
  <testcase name="CanvasPopUpMessage" time="0.001" classname="TestSc.CanvasPage">
    <skipped/>
  </testcase> <!-- CanvasPopUpMessage -->
</testsuite> <!-- TestSc.CanvasPage -->
