<?xml version="1.0" encoding="UTF-8"?>
<!-- Generated by org.testng.reporters.JUnitReportReporter -->
<testsuite skipped="3" hostname="kirans-MacBook-Pro.local" name="TestSc.LoginPage" tests="3" failures="0" timestamp="3 Oct 2017 11:09:45 GMT" time="0.003" errors="0">
  <testcase name="SelectCountryFromList" time="0.001" classname="TestSc.LoginPage">
    <skipped/>
  </testcase> <!-- SelectCountryFromList -->
  <testcase name="EnterOTPScreen" time="0.001" classname="TestSc.LoginPage">
    <skipped/>
  </testcase> <!-- EnterOTPScreen -->
  <testcase name="EnterMobileNumber" time="0.001" classname="TestSc.LoginPage">
    <skipped/>
  </testcase> <!-- EnterMobileNumber -->
</testsuite> <!-- TestSc.LoginPage -->
