<?xml version="1.0" encoding="UTF-8"?>
<!-- Generated by org.testng.reporters.JUnitReportReporter -->
<testsuite skipped="3" hostname="kirans-MacBook-Pro.local" name="TestSc.IntermediateProfilePage" tests="3" failures="0" timestamp="3 Oct 2017 11:09:45 GMT" time="0.003" errors="0">
  <testcase name="Enterusername" time="0.001" classname="TestSc.IntermediateProfilePage">
    <skipped/>
  </testcase> <!-- Enterusername -->
  <testcase name="IsLetMeInButtonClickable" time="0.001" classname="TestSc.IntermediateProfilePage">
    <skipped/>
  </testcase> <!-- IsLetMeInButtonClickable -->
  <testcase name="setProfilePicture" time="0.001" classname="TestSc.IntermediateProfilePage">
    <skipped/>
  </testcase> <!-- setProfilePicture -->
</testsuite> <!-- TestSc.IntermediateProfilePage -->
