<?xml version="1.0" encoding="UTF-8"?>
<!-- Generated by org.testng.reporters.JUnitReportReporter -->
<testsuite skipped="4" hostname="Anshuls-MacBook-Pro.local" name="TestSc.SettingsPage" tests="4" failures="0" timestamp="19 Dec 2017 06:11:31 GMT" time="0.000" errors="0">
  <testcase name="CheckAboutText" time="0.000" classname="TestSc.SettingsPage">
    <skipped/>
  </testcase> <!-- CheckAboutText -->
  <testcase name="checkBlockedUsers" time="0.000" classname="TestSc.SettingsPage">
    <skipped/>
  </testcase> <!-- checkBlockedUsers -->
  <testcase name="checkprofilePage" time="0.000" classname="TestSc.SettingsPage">
    <skipped/>
  </testcase> <!-- checkprofilePage -->
  <testcase name="verifyLogoutAction" time="0.000" classname="TestSc.SettingsPage">
    <skipped/>
  </testcase> <!-- verifyLogoutAction -->
</testsuite> <!-- TestSc.SettingsPage -->
