<?xml version="1.0" encoding="UTF-8"?>
<!-- Generated by org.testng.reporters.JUnitReportReporter -->
<testsuite skipped="6" hostname="kirans-MacBook-Pro.local" name="TestSc.searchTabPage" tests="6" failures="0" timestamp="3 Oct 2017 07:26:27 GMT" time="0.005" errors="0">
  <testcase name="verifyrecentsearchhashtag" time="0.001" classname="TestSc.searchTabPage">
    <skipped/>
  </testcase> <!-- verifyrecentsearchhashtag -->
  <testcase name="searchfHashtaginsearchtab" time="0.000" classname="TestSc.searchTabPage">
    <skipped/>
  </testcase> <!-- searchfHashtaginsearchtab -->
  <testcase name="searchforuserinsearchtab" time="0.003" classname="TestSc.searchTabPage">
    <skipped/>
  </testcase> <!-- searchforuserinsearchtab -->
  <testcase name="verifyTrendingTextisDisplayed" time="0.001" classname="TestSc.searchTabPage">
    <skipped/>
  </testcase> <!-- verifyTrendingTextisDisplayed -->
  <testcase name="viewTrendingHashtag" time="0.000" classname="TestSc.searchTabPage">
    <skipped/>
  </testcase> <!-- viewTrendingHashtag -->
  <testcase name="verifyrecentsearch" time="0.000" classname="TestSc.searchTabPage">
    <skipped/>
  </testcase> <!-- verifyrecentsearch -->
</testsuite> <!-- TestSc.searchTabPage -->
