<?xml version="1.0" encoding="UTF-8"?>
<!-- Generated by org.testng.reporters.JUnitReportReporter -->
<testsuite skipped="3" hostname="Anshuls-MacBook-Pro.local" name="TestSc.LoginPage" tests="3" failures="0" timestamp="26 Mar 2018 12:17:04 GMT" time="0.000" errors="0">
  <testcase name="SelectCountryFromList" time="0.000" classname="TestSc.LoginPage">
    <skipped/>
  </testcase> <!-- SelectCountryFromList -->
  <testcase name="EnterMobileNumber" time="0.000" classname="TestSc.LoginPage">
    <skipped/>
  </testcase> <!-- EnterMobileNumber -->
  <testcase name="EnterOTPScreen" time="0.000" classname="TestSc.LoginPage">
    <skipped/>
  </testcase> <!-- EnterOTPScreen -->
</testsuite> <!-- TestSc.LoginPage -->
