<?xml version="1.0" encoding="UTF-8"?>
<!-- Generated by org.testng.reporters.JUnitReportReporter -->
<testsuite skipped="6" hostname="Anshuls-MacBook-Pro.local" name="TestSc.searchTabPage" tests="6" failures="0" timestamp="19 Dec 2017 06:11:31 GMT" time="0.002" errors="0">
  <testcase name="verifyTrendingTextisDisplayed" time="0.000" classname="TestSc.searchTabPage">
    <skipped/>
  </testcase> <!-- verifyTrendingTextisDisplayed -->
  <testcase name="searchforuserinsearchtab" time="0.000" classname="TestSc.searchTabPage">
    <skipped/>
  </testcase> <!-- searchforuserinsearchtab -->
  <testcase name="verifyrecentsearch" time="0.001" classname="TestSc.searchTabPage">
    <skipped/>
  </testcase> <!-- verifyrecentsearch -->
  <testcase name="searchfHashtaginsearchtab" time="0.001" classname="TestSc.searchTabPage">
    <skipped/>
  </testcase> <!-- searchfHashtaginsearchtab -->
  <testcase name="verifyrecentsearchhashtag" time="0.000" classname="TestSc.searchTabPage">
    <skipped/>
  </testcase> <!-- verifyrecentsearchhashtag -->
  <testcase name="viewTrendingHashtag" time="0.000" classname="TestSc.searchTabPage">
    <skipped/>
  </testcase> <!-- viewTrendingHashtag -->
</testsuite> <!-- TestSc.searchTabPage -->
